The system is: Windows - 10.0.17763 - AMD64
Compiling the C compiler identification source file "CMakeCCompilerId.c" succeeded.
Compiler: C:/Data/Nano/projects/01_repositories/CarND-Extended-Kalman-Filter-Project/nbproject/private/tools/localhost/MinGW/gcc.exe 
Build flags: 
Id flags:  

The output was:
0


Compilation of the C compiler identification source "CMakeCCompilerId.c" produced "a.exe"

The C compiler identification is GNU, found in "C:/Data/Nano/projects/01_repositories/CarND-Extended-Kalman-Filter-Project/CMakeFiles/3.12.3/CompilerIdC/a.exe"

Compiling the CXX compiler identification source file "CMakeCXXCompilerId.cpp" succeeded.
Compiler: C:/Data/Nano/projects/01_repositories/CarND-Extended-Kalman-Filter-Project/nbproject/private/tools/localhost/MinGW/g++.exe 
Build flags: 
Id flags:  

The output was:
0


Compilation of the CXX compiler identification source "CMakeCXXCompilerId.cpp" produced "a.exe"

Compiling the CXX compiler identification source file "CMakeCXXCompilerId.cpp" succeeded.
Compiler: C:/Data/Nano/projects/01_repositories/CarND-Extended-Kalman-Filter-Project/nbproject/private/tools/localhost/MinGW/g++.exe 
Build flags: 
Id flags: -c 

The output was:
0


Compilation of the CXX compiler identification source "CMakeCXXCompilerId.cpp" produced "CMakeCXXCompilerId.o"

The CXX compiler identification is GNU, found in "C:/Data/Nano/projects/01_repositories/CarND-Extended-Kalman-Filter-Project/CMakeFiles/3.12.3/CompilerIdCXX/CMakeCXXCompilerId.o"

Determining if the C compiler works passed with the following output:
Change Dir: C:/Data/Nano/projects/01_repositories/CarND-Extended-Kalman-Filter-Project/CMakeFiles/CMakeTmp

Run Build Command:"C:/MinGW/msys/1.0/bin/make.exe" "cmTC_88071/fast"
/usr/bin/make -f CMakeFiles/cmTC_88071.dir/build.make CMakeFiles/cmTC_88071.dir/build
make[1]: Entering directory `/c/Data/Nano/projects/01_repositories/CarND-Extended-Kalman-Filter-Project/CMakeFiles/CMakeTmp'
Building C object CMakeFiles/cmTC_88071.dir/testCCompiler.c.obj
C:/Data/Nano/projects/01_repositories/CarND-Extended-Kalman-Filter-Project/nbproject/private/tools/localhost/MinGW/gcc.exe    -o CMakeFiles/cmTC_88071.dir/testCCompiler.c.obj   -c C:/Data/Nano/projects/01_repositories/CarND-Extended-Kalman-Filter-Project/CMakeFiles/CMakeTmp/testCCompiler.c
Linking C executable cmTC_88071.exe
"C:/Program Files/CMake/bin/cmake.exe" -E remove -f CMakeFiles/cmTC_88071.dir/objects.a
C:/MinGW/bin/ar.exe cr CMakeFiles/cmTC_88071.dir/objects.a @CMakeFiles/cmTC_88071.dir/objects1.rsp
C:/Data/Nano/projects/01_repositories/CarND-Extended-Kalman-Filter-Project/nbproject/private/tools/localhost/MinGW/gcc.exe      -Wl,--whole-archive CMakeFiles/cmTC_88071.dir/objects.a -Wl,--no-whole-archive  -o cmTC_88071.exe -Wl,--out-implib,libcmTC_88071.dll.a -Wl,--major-image-version,0,--minor-image-version,0 @CMakeFiles/cmTC_88071.dir/linklibs.rsp
make[1]: Leaving directory `/c/Data/Nano/projects/01_repositories/CarND-Extended-Kalman-Filter-Project/CMakeFiles/CMakeTmp'




Detecting C [-std=c11] compiler features compiled with the following output:
Change Dir: C:/Data/Nano/projects/01_repositories/CarND-Extended-Kalman-Filter-Project/CMakeFiles/CMakeTmp

Run Build Command:"C:/MinGW/msys/1.0/bin/make.exe" "cmTC_08d74/fast"
/usr/bin/make -f CMakeFiles/cmTC_08d74.dir/build.make CMakeFiles/cmTC_08d74.dir/build
make[1]: Entering directory `/c/Data/Nano/projects/01_repositories/CarND-Extended-Kalman-Filter-Project/CMakeFiles/CMakeTmp'
Building C object CMakeFiles/cmTC_08d74.dir/feature_tests.c.obj
C:/Data/Nano/projects/01_repositories/CarND-Extended-Kalman-Filter-Project/nbproject/private/tools/localhost/MinGW/gcc.exe   -std=c11 -o CMakeFiles/cmTC_08d74.dir/feature_tests.c.obj   -c C:/Data/Nano/projects/01_repositories/CarND-Extended-Kalman-Filter-Project/CMakeFiles/feature_tests.c
Linking C executable cmTC_08d74.exe
"C:/Program Files/CMake/bin/cmake.exe" -E remove -f CMakeFiles/cmTC_08d74.dir/objects.a
C:/MinGW/bin/ar.exe cr CMakeFiles/cmTC_08d74.dir/objects.a @CMakeFiles/cmTC_08d74.dir/objects1.rsp
C:/Data/Nano/projects/01_repositories/CarND-Extended-Kalman-Filter-Project/nbproject/private/tools/localhost/MinGW/gcc.exe      -Wl,--whole-archive CMakeFiles/cmTC_08d74.dir/objects.a -Wl,--no-whole-archive  -o cmTC_08d74.exe -Wl,--out-implib,libcmTC_08d74.dll.a -Wl,--major-image-version,0,--minor-image-version,0 @CMakeFiles/cmTC_08d74.dir/linklibs.rsp
make[1]: Leaving directory `/c/Data/Nano/projects/01_repositories/CarND-Extended-Kalman-Filter-Project/CMakeFiles/CMakeTmp'


    Feature record: C_FEATURE:1c_function_prototypes
    Feature record: C_FEATURE:1c_restrict
    Feature record: C_FEATURE:1c_static_assert
    Feature record: C_FEATURE:1c_variadic_macros


Detecting C [-std=c99] compiler features compiled with the following output:
Change Dir: C:/Data/Nano/projects/01_repositories/CarND-Extended-Kalman-Filter-Project/CMakeFiles/CMakeTmp

Run Build Command:"C:/MinGW/msys/1.0/bin/make.exe" "cmTC_ea3de/fast"
/usr/bin/make -f CMakeFiles/cmTC_ea3de.dir/build.make CMakeFiles/cmTC_ea3de.dir/build
make[1]: Entering directory `/c/Data/Nano/projects/01_repositories/CarND-Extended-Kalman-Filter-Project/CMakeFiles/CMakeTmp'
Building C object CMakeFiles/cmTC_ea3de.dir/feature_tests.c.obj
C:/Data/Nano/projects/01_repositories/CarND-Extended-Kalman-Filter-Project/nbproject/private/tools/localhost/MinGW/gcc.exe   -std=c99 -o CMakeFiles/cmTC_ea3de.dir/feature_tests.c.obj   -c C:/Data/Nano/projects/01_repositories/CarND-Extended-Kalman-Filter-Project/CMakeFiles/feature_tests.c
Linking C executable cmTC_ea3de.exe
"C:/Program Files/CMake/bin/cmake.exe" -E remove -f CMakeFiles/cmTC_ea3de.dir/objects.a
C:/MinGW/bin/ar.exe cr CMakeFiles/cmTC_ea3de.dir/objects.a @CMakeFiles/cmTC_ea3de.dir/objects1.rsp
C:/Data/Nano/projects/01_repositories/CarND-Extended-Kalman-Filter-Project/nbproject/private/tools/localhost/MinGW/gcc.exe      -Wl,--whole-archive CMakeFiles/cmTC_ea3de.dir/objects.a -Wl,--no-whole-archive  -o cmTC_ea3de.exe -Wl,--out-implib,libcmTC_ea3de.dll.a -Wl,--major-image-version,0,--minor-image-version,0 @CMakeFiles/cmTC_ea3de.dir/linklibs.rsp
make[1]: Leaving directory `/c/Data/Nano/projects/01_repositories/CarND-Extended-Kalman-Filter-Project/CMakeFiles/CMakeTmp'


    Feature record: C_FEATURE:1c_function_prototypes
    Feature record: C_FEATURE:1c_restrict
    Feature record: C_FEATURE:0c_static_assert
    Feature record: C_FEATURE:1c_variadic_macros


Detecting C [-std=c90] compiler features compiled with the following output:
Change Dir: C:/Data/Nano/projects/01_repositories/CarND-Extended-Kalman-Filter-Project/CMakeFiles/CMakeTmp

Run Build Command:"C:/MinGW/msys/1.0/bin/make.exe" "cmTC_d1be4/fast"
/usr/bin/make -f CMakeFiles/cmTC_d1be4.dir/build.make CMakeFiles/cmTC_d1be4.dir/build
make[1]: Entering directory `/c/Data/Nano/projects/01_repositories/CarND-Extended-Kalman-Filter-Project/CMakeFiles/CMakeTmp'
Building C object CMakeFiles/cmTC_d1be4.dir/feature_tests.c.obj
C:/Data/Nano/projects/01_repositories/CarND-Extended-Kalman-Filter-Project/nbproject/private/tools/localhost/MinGW/gcc.exe   -std=c90 -o CMakeFiles/cmTC_d1be4.dir/feature_tests.c.obj   -c C:/Data/Nano/projects/01_repositories/CarND-Extended-Kalman-Filter-Project/CMakeFiles/feature_tests.c
Linking C executable cmTC_d1be4.exe
"C:/Program Files/CMake/bin/cmake.exe" -E remove -f CMakeFiles/cmTC_d1be4.dir/objects.a
C:/MinGW/bin/ar.exe cr CMakeFiles/cmTC_d1be4.dir/objects.a @CMakeFiles/cmTC_d1be4.dir/objects1.rsp
C:/Data/Nano/projects/01_repositories/CarND-Extended-Kalman-Filter-Project/nbproject/private/tools/localhost/MinGW/gcc.exe      -Wl,--whole-archive CMakeFiles/cmTC_d1be4.dir/objects.a -Wl,--no-whole-archive  -o cmTC_d1be4.exe -Wl,--out-implib,libcmTC_d1be4.dll.a -Wl,--major-image-version,0,--minor-image-version,0 @CMakeFiles/cmTC_d1be4.dir/linklibs.rsp
make[1]: Leaving directory `/c/Data/Nano/projects/01_repositories/CarND-Extended-Kalman-Filter-Project/CMakeFiles/CMakeTmp'


    Feature record: C_FEATURE:1c_function_prototypes
    Feature record: C_FEATURE:0c_restrict
    Feature record: C_FEATURE:0c_static_assert
    Feature record: C_FEATURE:0c_variadic_macros
Determining if the CXX compiler works passed with the following output:
Change Dir: C:/Data/Nano/projects/01_repositories/CarND-Extended-Kalman-Filter-Project/CMakeFiles/CMakeTmp

Run Build Command:"C:/MinGW/msys/1.0/bin/make.exe" "cmTC_113b3/fast"
/usr/bin/make -f CMakeFiles/cmTC_113b3.dir/build.make CMakeFiles/cmTC_113b3.dir/build
make[1]: Entering directory `/c/Data/Nano/projects/01_repositories/CarND-Extended-Kalman-Filter-Project/CMakeFiles/CMakeTmp'
Building CXX object CMakeFiles/cmTC_113b3.dir/testCXXCompiler.cxx.obj
C:/Data/Nano/projects/01_repositories/CarND-Extended-Kalman-Filter-Project/nbproject/private/tools/localhost/MinGW/g++.exe     -o CMakeFiles/cmTC_113b3.dir/testCXXCompiler.cxx.obj -c C:/Data/Nano/projects/01_repositories/CarND-Extended-Kalman-Filter-Project/CMakeFiles/CMakeTmp/testCXXCompiler.cxx
Linking CXX executable cmTC_113b3.exe
"C:/Program Files/CMake/bin/cmake.exe" -E remove -f CMakeFiles/cmTC_113b3.dir/objects.a
C:/MinGW/bin/ar.exe cr CMakeFiles/cmTC_113b3.dir/objects.a @CMakeFiles/cmTC_113b3.dir/objects1.rsp
C:/Data/Nano/projects/01_repositories/CarND-Extended-Kalman-Filter-Project/nbproject/private/tools/localhost/MinGW/g++.exe      -Wl,--whole-archive CMakeFiles/cmTC_113b3.dir/objects.a -Wl,--no-whole-archive  -o cmTC_113b3.exe -Wl,--out-implib,libcmTC_113b3.dll.a -Wl,--major-image-version,0,--minor-image-version,0 @CMakeFiles/cmTC_113b3.dir/linklibs.rsp
make[1]: Leaving directory `/c/Data/Nano/projects/01_repositories/CarND-Extended-Kalman-Filter-Project/CMakeFiles/CMakeTmp'




Detecting CXX [-std=c++1z] compiler features compiled with the following output:
Change Dir: C:/Data/Nano/projects/01_repositories/CarND-Extended-Kalman-Filter-Project/CMakeFiles/CMakeTmp

Run Build Command:"C:/MinGW/msys/1.0/bin/make.exe" "cmTC_69c94/fast"
/usr/bin/make -f CMakeFiles/cmTC_69c94.dir/build.make CMakeFiles/cmTC_69c94.dir/build
make[1]: Entering directory `/c/Data/Nano/projects/01_repositories/CarND-Extended-Kalman-Filter-Project/CMakeFiles/CMakeTmp'
Building CXX object CMakeFiles/cmTC_69c94.dir/feature_tests.cxx.obj
C:/Data/Nano/projects/01_repositories/CarND-Extended-Kalman-Filter-Project/nbproject/private/tools/localhost/MinGW/g++.exe    -std=c++1z -o CMakeFiles/cmTC_69c94.dir/feature_tests.cxx.obj -c C:/Data/Nano/projects/01_repositories/CarND-Extended-Kalman-Filter-Project/CMakeFiles/feature_tests.cxx
Linking CXX executable cmTC_69c94.exe
"C:/Program Files/CMake/bin/cmake.exe" -E remove -f CMakeFiles/cmTC_69c94.dir/objects.a
C:/MinGW/bin/ar.exe cr CMakeFiles/cmTC_69c94.dir/objects.a @CMakeFiles/cmTC_69c94.dir/objects1.rsp
C:/Data/Nano/projects/01_repositories/CarND-Extended-Kalman-Filter-Project/nbproject/private/tools/localhost/MinGW/g++.exe      -Wl,--whole-archive CMakeFiles/cmTC_69c94.dir/objects.a -Wl,--no-whole-archive  -o cmTC_69c94.exe -Wl,--out-implib,libcmTC_69c94.dll.a -Wl,--major-image-version,0,--minor-image-version,0 @CMakeFiles/cmTC_69c94.dir/linklibs.rsp
make[1]: Leaving directory `/c/Data/Nano/projects/01_repositories/CarND-Extended-Kalman-Filter-Project/CMakeFiles/CMakeTmp'


    Feature record: CXX_FEATURE:1cxx_aggregate_default_initializers
    Feature record: CXX_FEATURE:1cxx_alias_templates
    Feature record: CXX_FEATURE:1cxx_alignas
    Feature record: CXX_FEATURE:1cxx_alignof
    Feature record: CXX_FEATURE:1cxx_attributes
    Feature record: CXX_FEATURE:1cxx_attribute_deprecated
    Feature record: CXX_FEATURE:1cxx_auto_type
    Feature record: CXX_FEATURE:1cxx_binary_literals
    Feature record: CXX_FEATURE:1cxx_constexpr
    Feature record: CXX_FEATURE:1cxx_contextual_conversions
    Feature record: CXX_FEATURE:1cxx_decltype
    Feature record: CXX_FEATURE:1cxx_decltype_auto
    Feature record: CXX_FEATURE:1cxx_decltype_incomplete_return_types
    Feature record: CXX_FEATURE:1cxx_default_function_template_args
    Feature record: CXX_FEATURE:1cxx_defaulted_functions
    Feature record: CXX_FEATURE:1cxx_defaulted_move_initializers
    Feature record: CXX_FEATURE:1cxx_delegating_constructors
    Feature record: CXX_FEATURE:1cxx_deleted_functions
    Feature record: CXX_FEATURE:1cxx_digit_separators
    Feature record: CXX_FEATURE:1cxx_enum_forward_declarations
    Feature record: CXX_FEATURE:1cxx_explicit_conversions
    Feature record: CXX_FEATURE:1cxx_extended_friend_declarations
    Feature record: CXX_FEATURE:1cxx_extern_templates
    Feature record: CXX_FEATURE:1cxx_final
    Feature record: CXX_FEATURE:1cxx_func_identifier
    Feature record: CXX_FEATURE:1cxx_generalized_initializers
    Feature record: CXX_FEATURE:1cxx_generic_lambdas
    Feature record: CXX_FEATURE:1cxx_inheriting_constructors
    Feature record: CXX_FEATURE:1cxx_inline_namespaces
    Feature record: CXX_FEATURE:1cxx_lambdas
    Feature record: CXX_FEATURE:1cxx_lambda_init_captures
    Feature record: CXX_FEATURE:1cxx_local_type_template_args
    Feature record: CXX_FEATURE:1cxx_long_long_type
    Feature record: CXX_FEATURE:1cxx_noexcept
    Feature record: CXX_FEATURE:1cxx_nonstatic_member_init
    Feature record: CXX_FEATURE:1cxx_nullptr
    Feature record: CXX_FEATURE:1cxx_override
    Feature record: CXX_FEATURE:1cxx_range_for
    Feature record: CXX_FEATURE:1cxx_raw_string_literals
    Feature record: CXX_FEATURE:1cxx_reference_qualified_functions
    Feature record: CXX_FEATURE:1cxx_relaxed_constexpr
    Feature record: CXX_FEATURE:1cxx_return_type_deduction
    Feature record: CXX_FEATURE:1cxx_right_angle_brackets
    Feature record: CXX_FEATURE:1cxx_rvalue_references
    Feature record: CXX_FEATURE:1cxx_sizeof_member
    Feature record: CXX_FEATURE:1cxx_static_assert
    Feature record: CXX_FEATURE:1cxx_strong_enums
    Feature record: CXX_FEATURE:1cxx_template_template_parameters
    Feature record: CXX_FEATURE:1cxx_thread_local
    Feature record: CXX_FEATURE:1cxx_trailing_return_types
    Feature record: CXX_FEATURE:1cxx_unicode_literals
    Feature record: CXX_FEATURE:1cxx_uniform_initialization
    Feature record: CXX_FEATURE:1cxx_unrestricted_unions
    Feature record: CXX_FEATURE:1cxx_user_literals
    Feature record: CXX_FEATURE:1cxx_variable_templates
    Feature record: CXX_FEATURE:1cxx_variadic_macros
    Feature record: CXX_FEATURE:1cxx_variadic_templates


Detecting CXX [-std=c++14] compiler features compiled with the following output:
Change Dir: C:/Data/Nano/projects/01_repositories/CarND-Extended-Kalman-Filter-Project/CMakeFiles/CMakeTmp

Run Build Command:"C:/MinGW/msys/1.0/bin/make.exe" "cmTC_e36a7/fast"
/usr/bin/make -f CMakeFiles/cmTC_e36a7.dir/build.make CMakeFiles/cmTC_e36a7.dir/build
make[1]: Entering directory `/c/Data/Nano/projects/01_repositories/CarND-Extended-Kalman-Filter-Project/CMakeFiles/CMakeTmp'
Building CXX object CMakeFiles/cmTC_e36a7.dir/feature_tests.cxx.obj
C:/Data/Nano/projects/01_repositories/CarND-Extended-Kalman-Filter-Project/nbproject/private/tools/localhost/MinGW/g++.exe    -std=c++14 -o CMakeFiles/cmTC_e36a7.dir/feature_tests.cxx.obj -c C:/Data/Nano/projects/01_repositories/CarND-Extended-Kalman-Filter-Project/CMakeFiles/feature_tests.cxx
Linking CXX executable cmTC_e36a7.exe
"C:/Program Files/CMake/bin/cmake.exe" -E remove -f CMakeFiles/cmTC_e36a7.dir/objects.a
C:/MinGW/bin/ar.exe cr CMakeFiles/cmTC_e36a7.dir/objects.a @CMakeFiles/cmTC_e36a7.dir/objects1.rsp
C:/Data/Nano/projects/01_repositories/CarND-Extended-Kalman-Filter-Project/nbproject/private/tools/localhost/MinGW/g++.exe      -Wl,--whole-archive CMakeFiles/cmTC_e36a7.dir/objects.a -Wl,--no-whole-archive  -o cmTC_e36a7.exe -Wl,--out-implib,libcmTC_e36a7.dll.a -Wl,--major-image-version,0,--minor-image-version,0 @CMakeFiles/cmTC_e36a7.dir/linklibs.rsp
make[1]: Leaving directory `/c/Data/Nano/projects/01_repositories/CarND-Extended-Kalman-Filter-Project/CMakeFiles/CMakeTmp'


    Feature record: CXX_FEATURE:1cxx_aggregate_default_initializers
    Feature record: CXX_FEATURE:1cxx_alias_templates
    Feature record: CXX_FEATURE:1cxx_alignas
    Feature record: CXX_FEATURE:1cxx_alignof
    Feature record: CXX_FEATURE:1cxx_attributes
    Feature record: CXX_FEATURE:1cxx_attribute_deprecated
    Feature record: CXX_FEATURE:1cxx_auto_type
    Feature record: CXX_FEATURE:1cxx_binary_literals
    Feature record: CXX_FEATURE:1cxx_constexpr
    Feature record: CXX_FEATURE:1cxx_contextual_conversions
    Feature record: CXX_FEATURE:1cxx_decltype
    Feature record: CXX_FEATURE:1cxx_decltype_auto
    Feature record: CXX_FEATURE:1cxx_decltype_incomplete_return_types
    Feature record: CXX_FEATURE:1cxx_default_function_template_args
    Feature record: CXX_FEATURE:1cxx_defaulted_functions
    Feature record: CXX_FEATURE:1cxx_defaulted_move_initializers
    Feature record: CXX_FEATURE:1cxx_delegating_constructors
    Feature record: CXX_FEATURE:1cxx_deleted_functions
    Feature record: CXX_FEATURE:1cxx_digit_separators
    Feature record: CXX_FEATURE:1cxx_enum_forward_declarations
    Feature record: CXX_FEATURE:1cxx_explicit_conversions
    Feature record: CXX_FEATURE:1cxx_extended_friend_declarations
    Feature record: CXX_FEATURE:1cxx_extern_templates
    Feature record: CXX_FEATURE:1cxx_final
    Feature record: CXX_FEATURE:1cxx_func_identifier
    Feature record: CXX_FEATURE:1cxx_generalized_initializers
    Feature record: CXX_FEATURE:1cxx_generic_lambdas
    Feature record: CXX_FEATURE:1cxx_inheriting_constructors
    Feature record: CXX_FEATURE:1cxx_inline_namespaces
    Feature record: CXX_FEATURE:1cxx_lambdas
    Feature record: CXX_FEATURE:1cxx_lambda_init_captures
    Feature record: CXX_FEATURE:1cxx_local_type_template_args
    Feature record: CXX_FEATURE:1cxx_long_long_type
    Feature record: CXX_FEATURE:1cxx_noexcept
    Feature record: CXX_FEATURE:1cxx_nonstatic_member_init
    Feature record: CXX_FEATURE:1cxx_nullptr
    Feature record: CXX_FEATURE:1cxx_override
    Feature record: CXX_FEATURE:1cxx_range_for
    Feature record: CXX_FEATURE:1cxx_raw_string_literals
    Feature record: CXX_FEATURE:1cxx_reference_qualified_functions
    Feature record: CXX_FEATURE:1cxx_relaxed_constexpr
    Feature record: CXX_FEATURE:1cxx_return_type_deduction
    Feature record: CXX_FEATURE:1cxx_right_angle_brackets
    Feature record: CXX_FEATURE:1cxx_rvalue_references
    Feature record: CXX_FEATURE:1cxx_sizeof_member
    Feature record: CXX_FEATURE:1cxx_static_assert
    Feature record: CXX_FEATURE:1cxx_strong_enums
    Feature record: CXX_FEATURE:1cxx_template_template_parameters
    Feature record: CXX_FEATURE:1cxx_thread_local
    Feature record: CXX_FEATURE:1cxx_trailing_return_types
    Feature record: CXX_FEATURE:1cxx_unicode_literals
    Feature record: CXX_FEATURE:1cxx_uniform_initialization
    Feature record: CXX_FEATURE:1cxx_unrestricted_unions
    Feature record: CXX_FEATURE:1cxx_user_literals
    Feature record: CXX_FEATURE:1cxx_variable_templates
    Feature record: CXX_FEATURE:1cxx_variadic_macros
    Feature record: CXX_FEATURE:1cxx_variadic_templates


Detecting CXX [-std=c++11] compiler features compiled with the following output:
Change Dir: C:/Data/Nano/projects/01_repositories/CarND-Extended-Kalman-Filter-Project/CMakeFiles/CMakeTmp

Run Build Command:"C:/MinGW/msys/1.0/bin/make.exe" "cmTC_b515f/fast"
/usr/bin/make -f CMakeFiles/cmTC_b515f.dir/build.make CMakeFiles/cmTC_b515f.dir/build
make[1]: Entering directory `/c/Data/Nano/projects/01_repositories/CarND-Extended-Kalman-Filter-Project/CMakeFiles/CMakeTmp'
Building CXX object CMakeFiles/cmTC_b515f.dir/feature_tests.cxx.obj
C:/Data/Nano/projects/01_repositories/CarND-Extended-Kalman-Filter-Project/nbproject/private/tools/localhost/MinGW/g++.exe    -std=c++11 -o CMakeFiles/cmTC_b515f.dir/feature_tests.cxx.obj -c C:/Data/Nano/projects/01_repositories/CarND-Extended-Kalman-Filter-Project/CMakeFiles/feature_tests.cxx
Linking CXX executable cmTC_b515f.exe
"C:/Program Files/CMake/bin/cmake.exe" -E remove -f CMakeFiles/cmTC_b515f.dir/objects.a
C:/MinGW/bin/ar.exe cr CMakeFiles/cmTC_b515f.dir/objects.a @CMakeFiles/cmTC_b515f.dir/objects1.rsp
C:/Data/Nano/projects/01_repositories/CarND-Extended-Kalman-Filter-Project/nbproject/private/tools/localhost/MinGW/g++.exe      -Wl,--whole-archive CMakeFiles/cmTC_b515f.dir/objects.a -Wl,--no-whole-archive  -o cmTC_b515f.exe -Wl,--out-implib,libcmTC_b515f.dll.a -Wl,--major-image-version,0,--minor-image-version,0 @CMakeFiles/cmTC_b515f.dir/linklibs.rsp
make[1]: Leaving directory `/c/Data/Nano/projects/01_repositories/CarND-Extended-Kalman-Filter-Project/CMakeFiles/CMakeTmp'


    Feature record: CXX_FEATURE:0cxx_aggregate_default_initializers
    Feature record: CXX_FEATURE:1cxx_alias_templates
    Feature record: CXX_FEATURE:1cxx_alignas
    Feature record: CXX_FEATURE:1cxx_alignof
    Feature record: CXX_FEATURE:1cxx_attributes
    Feature record: CXX_FEATURE:0cxx_attribute_deprecated
    Feature record: CXX_FEATURE:1cxx_auto_type
    Feature record: CXX_FEATURE:0cxx_binary_literals
    Feature record: CXX_FEATURE:1cxx_constexpr
    Feature record: CXX_FEATURE:0cxx_contextual_conversions
    Feature record: CXX_FEATURE:1cxx_decltype
    Feature record: CXX_FEATURE:0cxx_decltype_auto
    Feature record: CXX_FEATURE:1cxx_decltype_incomplete_return_types
    Feature record: CXX_FEATURE:1cxx_default_function_template_args
    Feature record: CXX_FEATURE:1cxx_defaulted_functions
    Feature record: CXX_FEATURE:1cxx_defaulted_move_initializers
    Feature record: CXX_FEATURE:1cxx_delegating_constructors
    Feature record: CXX_FEATURE:1cxx_deleted_functions
    Feature record: CXX_FEATURE:0cxx_digit_separators
    Feature record: CXX_FEATURE:1cxx_enum_forward_declarations
    Feature record: CXX_FEATURE:1cxx_explicit_conversions
    Feature record: CXX_FEATURE:1cxx_extended_friend_declarations
    Feature record: CXX_FEATURE:1cxx_extern_templates
    Feature record: CXX_FEATURE:1cxx_final
    Feature record: CXX_FEATURE:1cxx_func_identifier
    Feature record: CXX_FEATURE:1cxx_generalized_initializers
    Feature record: CXX_FEATURE:0cxx_generic_lambdas
    Feature record: CXX_FEATURE:1cxx_inheriting_constructors
    Feature record: CXX_FEATURE:1cxx_inline_namespaces
    Feature record: CXX_FEATURE:1cxx_lambdas
    Feature record: CXX_FEATURE:0cxx_lambda_init_captures
    Feature record: CXX_FEATURE:1cxx_local_type_template_args
    Feature record: CXX_FEATURE:1cxx_long_long_type
    Feature record: CXX_FEATURE:1cxx_noexcept
    Feature record: CXX_FEATURE:1cxx_nonstatic_member_init
    Feature record: CXX_FEATURE:1cxx_nullptr
    Feature record: CXX_FEATURE:1cxx_override
    Feature record: CXX_FEATURE:1cxx_range_for
    Feature record: CXX_FEATURE:1cxx_raw_string_literals
    Feature record: CXX_FEATURE:1cxx_reference_qualified_functions
    Feature record: CXX_FEATURE:0cxx_relaxed_constexpr
    Feature record: CXX_FEATURE:0cxx_return_type_deduction
    Feature record: CXX_FEATURE:1cxx_right_angle_brackets
    Feature record: CXX_FEATURE:1cxx_rvalue_references
    Feature record: CXX_FEATURE:1cxx_sizeof_member
    Feature record: CXX_FEATURE:1cxx_static_assert
    Feature record: CXX_FEATURE:1cxx_strong_enums
    Feature record: CXX_FEATURE:1cxx_template_template_parameters
    Feature record: CXX_FEATURE:1cxx_thread_local
    Feature record: CXX_FEATURE:1cxx_trailing_return_types
    Feature record: CXX_FEATURE:1cxx_unicode_literals
    Feature record: CXX_FEATURE:1cxx_uniform_initialization
    Feature record: CXX_FEATURE:1cxx_unrestricted_unions
    Feature record: CXX_FEATURE:1cxx_user_literals
    Feature record: CXX_FEATURE:0cxx_variable_templates
    Feature record: CXX_FEATURE:1cxx_variadic_macros
    Feature record: CXX_FEATURE:1cxx_variadic_templates


Detecting CXX [-std=c++98] compiler features compiled with the following output:
Change Dir: C:/Data/Nano/projects/01_repositories/CarND-Extended-Kalman-Filter-Project/CMakeFiles/CMakeTmp

Run Build Command:"C:/MinGW/msys/1.0/bin/make.exe" "cmTC_715c7/fast"
/usr/bin/make -f CMakeFiles/cmTC_715c7.dir/build.make CMakeFiles/cmTC_715c7.dir/build
make[1]: Entering directory `/c/Data/Nano/projects/01_repositories/CarND-Extended-Kalman-Filter-Project/CMakeFiles/CMakeTmp'
Building CXX object CMakeFiles/cmTC_715c7.dir/feature_tests.cxx.obj
C:/Data/Nano/projects/01_repositories/CarND-Extended-Kalman-Filter-Project/nbproject/private/tools/localhost/MinGW/g++.exe    -std=c++98 -o CMakeFiles/cmTC_715c7.dir/feature_tests.cxx.obj -c C:/Data/Nano/projects/01_repositories/CarND-Extended-Kalman-Filter-Project/CMakeFiles/feature_tests.cxx
Linking CXX executable cmTC_715c7.exe
"C:/Program Files/CMake/bin/cmake.exe" -E remove -f CMakeFiles/cmTC_715c7.dir/objects.a
C:/MinGW/bin/ar.exe cr CMakeFiles/cmTC_715c7.dir/objects.a @CMakeFiles/cmTC_715c7.dir/objects1.rsp
C:/Data/Nano/projects/01_repositories/CarND-Extended-Kalman-Filter-Project/nbproject/private/tools/localhost/MinGW/g++.exe      -Wl,--whole-archive CMakeFiles/cmTC_715c7.dir/objects.a -Wl,--no-whole-archive  -o cmTC_715c7.exe -Wl,--out-implib,libcmTC_715c7.dll.a -Wl,--major-image-version,0,--minor-image-version,0 @CMakeFiles/cmTC_715c7.dir/linklibs.rsp
make[1]: Leaving directory `/c/Data/Nano/projects/01_repositories/CarND-Extended-Kalman-Filter-Project/CMakeFiles/CMakeTmp'


    Feature record: CXX_FEATURE:0cxx_aggregate_default_initializers
    Feature record: CXX_FEATURE:0cxx_alias_templates
    Feature record: CXX_FEATURE:0cxx_alignas
    Feature record: CXX_FEATURE:0cxx_alignof
    Feature record: CXX_FEATURE:0cxx_attributes
    Feature record: CXX_FEATURE:0cxx_attribute_deprecated
    Feature record: CXX_FEATURE:0cxx_auto_type
    Feature record: CXX_FEATURE:0cxx_binary_literals
    Feature record: CXX_FEATURE:0cxx_constexpr
    Feature record: CXX_FEATURE:0cxx_contextual_conversions
    Feature record: CXX_FEATURE:0cxx_decltype
    Feature record: CXX_FEATURE:0cxx_decltype_auto
    Feature record: CXX_FEATURE:0cxx_decltype_incomplete_return_types
    Feature record: CXX_FEATURE:0cxx_default_function_template_args
    Feature record: CXX_FEATURE:0cxx_defaulted_functions
    Feature record: CXX_FEATURE:0cxx_defaulted_move_initializers
    Feature record: CXX_FEATURE:0cxx_delegating_constructors
    Feature record: CXX_FEATURE:0cxx_deleted_functions
    Feature record: CXX_FEATURE:0cxx_digit_separators
    Feature record: CXX_FEATURE:0cxx_enum_forward_declarations
    Feature record: CXX_FEATURE:0cxx_explicit_conversions
    Feature record: CXX_FEATURE:0cxx_extended_friend_declarations
    Feature record: CXX_FEATURE:0cxx_extern_templates
    Feature record: CXX_FEATURE:0cxx_final
    Feature record: CXX_FEATURE:0cxx_func_identifier
    Feature record: CXX_FEATURE:0cxx_generalized_initializers
    Feature record: CXX_FEATURE:0cxx_generic_lambdas
    Feature record: CXX_FEATURE:0cxx_inheriting_constructors
    Feature record: CXX_FEATURE:0cxx_inline_namespaces
    Feature record: CXX_FEATURE:0cxx_lambdas
    Feature record: CXX_FEATURE:0cxx_lambda_init_captures
    Feature record: CXX_FEATURE:0cxx_local_type_template_args
    Feature record: CXX_FEATURE:0cxx_long_long_type
    Feature record: CXX_FEATURE:0cxx_noexcept
    Feature record: CXX_FEATURE:0cxx_nonstatic_member_init
    Feature record: CXX_FEATURE:0cxx_nullptr
    Feature record: CXX_FEATURE:0cxx_override
    Feature record: CXX_FEATURE:0cxx_range_for
    Feature record: CXX_FEATURE:0cxx_raw_string_literals
    Feature record: CXX_FEATURE:0cxx_reference_qualified_functions
    Feature record: CXX_FEATURE:0cxx_relaxed_constexpr
    Feature record: CXX_FEATURE:0cxx_return_type_deduction
    Feature record: CXX_FEATURE:0cxx_right_angle_brackets
    Feature record: CXX_FEATURE:0cxx_rvalue_references
    Feature record: CXX_FEATURE:0cxx_sizeof_member
    Feature record: CXX_FEATURE:0cxx_static_assert
    Feature record: CXX_FEATURE:0cxx_strong_enums
    Feature record: CXX_FEATURE:1cxx_template_template_parameters
    Feature record: CXX_FEATURE:0cxx_thread_local
    Feature record: CXX_FEATURE:0cxx_trailing_return_types
    Feature record: CXX_FEATURE:0cxx_unicode_literals
    Feature record: CXX_FEATURE:0cxx_uniform_initialization
    Feature record: CXX_FEATURE:0cxx_unrestricted_unions
    Feature record: CXX_FEATURE:0cxx_user_literals
    Feature record: CXX_FEATURE:0cxx_variable_templates
    Feature record: CXX_FEATURE:0cxx_variadic_macros
    Feature record: CXX_FEATURE:0cxx_variadic_templates
